<?xml version="1.0" encoding="UTF-8"?>
<testsuite xmlns:xsi="http://www.w3.org/2001/XMLSchema-instance" xsi:noNamespaceSchemaLocation="https://maven.apache.org/surefire/maven-surefire-plugin/xsd/surefire-test-report.xsd" name="org.apache.commons.io.FileSystemUtilsTestCase" time="0.041" tests="30" errors="0" skipped="0" failures="0">
  <properties>
[...]
</properties>
  <testcase name="testGetFreeSpaceWindows_String_EmptyMultiLineResponse" classname="org.apache.commons.io.FileSystemUtilsTestCase" time="0.003"/>
  <testcase name="testGetFreeSpaceWindows_String_StripDrive" classname="org.apache.commons.io.FileSystemUtilsTestCase" time="0.001"/>
  <testcase name="testGetFreeSpaceWindows_String_ParseCommaFormatBytes_Big" classname="org.apache.commons.io.FileSystemUtilsTestCase" time="0"/>
  <testcase name="testGetFreeSpaceWindows_String_ParseCommaFormatBytes_Small" classname="org.apache.commons.io.FileSystemUtilsTestCase" time="0"/>
  <testcase name="testGetFreeSpaceWindows_String_EmptyResponse" classname="org.apache.commons.io.FileSystemUtilsTestCase" time="0"/>
  <testcase name="testGetFreeSpaceOS_String_Windows" classname="org.apache.commons.io.FileSystemUtilsTestCase" time="0"/>
  <testcase name="testGetFreeSpaceUnix_String_LongResponse" classname="org.apache.commons.io.FileSystemUtilsTestCase" time="0"/>
  <testcase name="testGetFreeSpaceOS_String_Unix" classname="org.apache.commons.io.FileSystemUtilsTestCase" time="0.001"/>
  <testcase name="testGetFreeSpaceUnix_String_NormalResponseKbSolaris" classname="org.apache.commons.io.FileSystemUtilsTestCase" time="0"/>
  <testcase name="testGetFreeSpaceWindows_String_NoSuchDirectoryResponse" classname="org.apache.commons.io.FileSystemUtilsTestCase" time="0"/>
  <testcase name="testGetFreeSpaceOS_String_InitError" classname="org.apache.commons.io.FileSystemUtilsTestCase" time="0.001"/>
  <testcase name="testGetFreeSpaceUnix_String_EmptyPath" classname="org.apache.commons.io.FileSystemUtilsTestCase" time="0"/>
  <testcase name="testGetFreeSpace_String" classname="org.apache.commons.io.FileSystemUtilsTestCase" time="0.01"/>
  <testcase name="testGetFreeSpaceUnix_String_InvalidResponse1" classname="org.apache.commons.io.FileSystemUtilsTestCase" time="0"/>
  <testcase name="testGetFreeSpaceUnix_String_InvalidResponse2" classname="org.apache.commons.io.FileSystemUtilsTestCase" time="0"/>
  <testcase name="testGetFreeSpaceUnix_String_InvalidResponse3" classname="org.apache.commons.io.FileSystemUtilsTestCase" time="0.001"/>
  <testcase name="testGetFreeSpaceUnix_String_InvalidResponse4" classname="org.apache.commons.io.FileSystemUtilsTestCase" time="0"/>
  <testcase name="testGetFreeSpaceUnix_String_NormalResponseKbLinux" classname="org.apache.commons.io.FileSystemUtilsTestCase" time="0"/>
  <testcase name="testGetFreeSpaceUnix_String_EmptyResponse" classname="org.apache.commons.io.FileSystemUtilsTestCase" time="0"/>
  <testcase name="testGetFreeSpaceUnix_String_LongResponseKb" classname="org.apache.commons.io.FileSystemUtilsTestCase" time="0"/>
  <testcase name="testGetFreeSpaceWindows_String_EmptyPath" classname="org.apache.commons.io.FileSystemUtilsTestCase" time="0"/>
  <testcase name="testGetFreeSpaceUnix_String_NormalResponseFreeBSD" classname="org.apache.commons.io.FileSystemUtilsTestCase" time="0"/>
  <testcase name="testGetFreeSpaceUnix_String_NormalResponseLinux" classname="org.apache.commons.io.FileSystemUtilsTestCase" time="0"/>
  <testcase name="testGetFreeSpaceWindows_String_InvalidTextResponse" classname="org.apache.commons.io.FileSystemUtilsTestCase" time="0.001"/>
  <testcase name="testGetFreeSpaceOS_String_Other" classname="org.apache.commons.io.FileSystemUtilsTestCase" time="0"/>
  <testcase name="testGetFreeSpaceOS_String_NullPath" classname="org.apache.commons.io.FileSystemUtilsTestCase" time="0"/>
  <testcase name="testGetFreeSpaceWindows_String_ParseCommaFormatBytes" classname="org.apache.commons.io.FileSystemUtilsTestCase" time="0"/>
  <testcase name="testGetFreeSpaceUnix_String_NormalResponseKbFreeBSD" classname="org.apache.commons.io.FileSystemUtilsTestCase" time="0"/>
  <testcase name="testGetFreeSpaceWindows_String_quoted" classname="org.apache.commons.io.FileSystemUtilsTestCase" time="0"/>
  <testcase name="testGetFreeSpaceWindows_String_NormalResponse" classname="org.apache.commons.io.FileSystemUtilsTestCase" time="0.001"/>
</testsuite>