<?xml version="1.0" encoding="UTF-8"?>
<testsuite xmlns:xsi="http://www.w3.org/2001/XMLSchema-instance" xsi:noNamespaceSchemaLocation="https://maven.apache.org/surefire/maven-surefire-plugin/xsd/surefire-test-report.xsd" name="org.apache.commons.io.input.BOMInputStreamTest" time="0.067" tests="44" errors="0" skipped="1" failures="0">
  <properties>
[...]
</properties>
  <testcase name="testEmptyBufferWithoutBOM" classname="org.apache.commons.io.input.BOMInputStreamTest" time="0.002"/>
  <testcase name="testReadTwiceWithoutBOM" classname="org.apache.commons.io.input.BOMInputStreamTest" time="0.001"/>
  <testcase name="testReadXmlWithoutBOMUtf32Be" classname="org.apache.commons.io.input.BOMInputStreamTest" time="0.023"/>
  <testcase name="testReadXmlWithoutBOMUtf32Le" classname="org.apache.commons.io.input.BOMInputStreamTest" time="0.002"/>
  <testcase name="testReadWithoutBOM" classname="org.apache.commons.io.input.BOMInputStreamTest" time="0"/>
  <testcase name="testClose" classname="org.apache.commons.io.input.BOMInputStreamTest" time="0"/>
  <testcase name="testEmptyBufferWithBOM" classname="org.apache.commons.io.input.BOMInputStreamTest" time="0"/>
  <testcase name="testSkipWithBOM" classname="org.apache.commons.io.input.BOMInputStreamTest" time="0"/>
  <testcase name="testReadWithBOMUtf8" classname="org.apache.commons.io.input.BOMInputStreamTest" time="0.001"/>
  <testcase name="testReadEmpty" classname="org.apache.commons.io.input.BOMInputStreamTest" time="0"/>
  <testcase name="testReadSmall" classname="org.apache.commons.io.input.BOMInputStreamTest" time="0"/>
  <testcase name="testReadWithBOMInclude" classname="org.apache.commons.io.input.BOMInputStreamTest" time="0"/>
  <testcase name="testLargeBufferWithBOM" classname="org.apache.commons.io.input.BOMInputStreamTest" time="0"/>
  <testcase name="testSmallBufferWithoutBOM" classname="org.apache.commons.io.input.BOMInputStreamTest" time="0"/>
  <testcase name="testLeadingNonBOMSingleRead" classname="org.apache.commons.io.input.BOMInputStreamTest" time="0"/>
  <testcase name="testGetBOMFirstThenReadInclude" classname="org.apache.commons.io.input.BOMInputStreamTest" time="0.001"/>
  <testcase name="testMarkResetBeforeReadWithoutBOM" classname="org.apache.commons.io.input.BOMInputStreamTest" time="0"/>
  <testcase name="testSmallBufferWithBOM" classname="org.apache.commons.io.input.BOMInputStreamTest" time="0"/>
  <testcase name="skipReturnValueWithoutBom" classname="org.apache.commons.io.input.BOMInputStreamTest" time="0"/>
  <testcase name="testGetBOMFirstThenRead" classname="org.apache.commons.io.input.BOMInputStreamTest" time="0"/>
  <testcase name="testAvailableWithoutBOM" classname="org.apache.commons.io.input.BOMInputStreamTest" time="0"/>
  <testcase name="testLeadingNonBOMBufferedRead" classname="org.apache.commons.io.input.BOMInputStreamTest" time="0"/>
  <testcase name="testMarkResetAfterReadWithBOM" classname="org.apache.commons.io.input.BOMInputStreamTest" time="0.001"/>
  <testcase name="testMarkResetBeforeReadWithBOM" classname="org.apache.commons.io.input.BOMInputStreamTest" time="0"/>
  <testcase name="testReadWithMultipleBOM" classname="org.apache.commons.io.input.BOMInputStreamTest" time="0"/>
  <testcase name="testSkipWithoutBOM" classname="org.apache.commons.io.input.BOMInputStreamTest" time="0"/>
  <testcase name="testReadXmlWithBOMUtf16Be" classname="org.apache.commons.io.input.BOMInputStreamTest" time="0.001"/>
  <testcase name="testReadXmlWithBOMUtf16Le" classname="org.apache.commons.io.input.BOMInputStreamTest" time="0.001"/>
  <testcase name="testReadXmlWithBOMUtf32Be" classname="org.apache.commons.io.input.BOMInputStreamTest" time="0.003"/>
  <testcase name="testReadXmlWithBOMUtf32Le" classname="org.apache.commons.io.input.BOMInputStreamTest" time="0.001"/>
  <testcase name="skipReturnValueWithBom" classname="org.apache.commons.io.input.BOMInputStreamTest" time="0"/>
  <testcase name="testReadXmlWithBOMUcs2" classname="org.apache.commons.io.input.BOMInputStreamTest" time="0.002"/>
  <testcase name="testReadXmlWithBOMUcs4" classname="org.apache.commons.io.input.BOMInputStreamTest" time="0">
    <skipped message="got: &lt;false&gt;, expected: is &lt;true&gt;"/>
  </testcase>
  <testcase name="testReadXmlWithBOMUtf8" classname="org.apache.commons.io.input.BOMInputStreamTest" time="0"/>
  <testcase name="testMarkResetAfterReadWithoutBOM" classname="org.apache.commons.io.input.BOMInputStreamTest" time="0"/>
  <testcase name="testLargeBufferWithoutBOM" classname="org.apache.commons.io.input.BOMInputStreamTest" time="0"/>
  <testcase name="testReadTwiceWithBOM" classname="org.apache.commons.io.input.BOMInputStreamTest" time="0"/>
  <testcase name="testNoBoms" classname="org.apache.commons.io.input.BOMInputStreamTest" time="0"/>
  <testcase name="testSupportCode" classname="org.apache.commons.io.input.BOMInputStreamTest" time="0.001"/>
  <testcase name="testReadWithBOMUtf16Be" classname="org.apache.commons.io.input.BOMInputStreamTest" time="0"/>
  <testcase name="testReadWithBOMUtf16Le" classname="org.apache.commons.io.input.BOMInputStreamTest" time="0"/>
  <testcase name="testReadWithBOMUtf32Be" classname="org.apache.commons.io.input.BOMInputStreamTest" time="0"/>
  <testcase name="testReadWithBOMUtf32Le" classname="org.apache.commons.io.input.BOMInputStreamTest" time="0"/>
  <testcase name="testAvailableWithBOM" classname="org.apache.commons.io.input.BOMInputStreamTest" time="0"/>
</testsuite>