<?xml version="1.0" encoding="UTF-8"?>
<testsuite xmlns:xsi="http://www.w3.org/2001/XMLSchema-instance" xsi:noNamespaceSchemaLocation="https://maven.apache.org/surefire/maven-surefire-plugin/xsd/surefire-test-report.xsd" name="org.apache.commons.io.FileUtilsTestCase" time="2.269" tests="141" errors="0" skipped="1" failures="0">
  <properties>
[...]
</properties>
  <testcase name="testCopyFile1" classname="org.apache.commons.io.FileUtilsTestCase" time="0.022"/>
  <testcase name="testCopyFile2" classname="org.apache.commons.io.FileUtilsTestCase" time="0.001"/>
  <testcase name="testCopyToDirectoryWithDirectory" classname="org.apache.commons.io.FileUtilsTestCase" time="0.002"/>
  <testcase name="testChecksumOnDirectory" classname="org.apache.commons.io.FileUtilsTestCase" time="0"/>
  <testcase name="testWriteLines_3arg_nullSeparator" classname="org.apache.commons.io.FileUtilsTestCase" time="0.003"/>
  <testcase name="testChecksum" classname="org.apache.commons.io.FileUtilsTestCase" time="0"/>
  <testcase name="testGetUserDirectoryPath" classname="org.apache.commons.io.FileUtilsTestCase" time="0"/>
  <testcase name="testCopyToDirectoryWithIterableSourceIsNull" classname="org.apache.commons.io.FileUtilsTestCase" time="0.001"/>
  <testcase name="testToFiles3a" classname="org.apache.commons.io.FileUtilsTestCase" time="0.001"/>
  <testcase name="testChecksumCRC32" classname="org.apache.commons.io.FileUtilsTestCase" time="0.001"/>
  <testcase name="testWriteLines_3argsWithAppendOptionTrue_ShouldNotDeletePreviousFileLines" classname="org.apache.commons.io.FileUtilsTestCase" time="0.001"/>
  <testcase name="testCopyDirectoryToChild" classname="org.apache.commons.io.FileUtilsTestCase" time="0.006"/>
  <testcase name="testContentEqualsIgnoreEOL" classname="org.apache.commons.io.FileUtilsTestCase" time="0.004"/>
  <testcase name="testForceDeleteAFile1" classname="org.apache.commons.io.FileUtilsTestCase" time="0.001"/>
  <testcase name="testForceDeleteAFile2" classname="org.apache.commons.io.FileUtilsTestCase" time="0.001"/>
  <testcase name="testForceDeleteAFile3" classname="org.apache.commons.io.FileUtilsTestCase" time="0.001"/>
  <testcase name="testCopyToSelf" classname="org.apache.commons.io.FileUtilsTestCase" time="0.001"/>
  <testcase name="testDeleteQuietlyForNull" classname="org.apache.commons.io.FileUtilsTestCase" time="0.001"/>
  <testcase name="testToFile1" classname="org.apache.commons.io.FileUtilsTestCase" time="0.001"/>
  <testcase name="testToFile2" classname="org.apache.commons.io.FileUtilsTestCase" time="0"/>
  <testcase name="testToFile3" classname="org.apache.commons.io.FileUtilsTestCase" time="0.001"/>
  <testcase name="testToFile4" classname="org.apache.commons.io.FileUtilsTestCase" time="0.001"/>
  <testcase name="testToFile5" classname="org.apache.commons.io.FileUtilsTestCase" time="0"/>
  <testcase name="testToURLs1" classname="org.apache.commons.io.FileUtilsTestCase" time="0.001"/>
  <testcase name="testDeleteQuietlyNonExistent" classname="org.apache.commons.io.FileUtilsTestCase" time="0.001"/>
  <testcase name="test_openInputStream_existsButIsDirectory" classname="org.apache.commons.io.FileUtilsTestCase" time="0.001"/>
  <testcase name="testToFileUtf8" classname="org.apache.commons.io.FileUtilsTestCase" time="0"/>
  <testcase name="testCopyDirectoryToNonExistingDest" classname="org.apache.commons.io.FileUtilsTestCase" time="0.004"/>
  <testcase name="testToFiles1" classname="org.apache.commons.io.FileUtilsTestCase" time="0.001"/>
  <testcase name="testToFiles2" classname="org.apache.commons.io.FileUtilsTestCase" time="0.001"/>
  <testcase name="testToFiles3" classname="org.apache.commons.io.FileUtilsTestCase" time="0"/>
  <testcase name="testToFiles4" classname="org.apache.commons.io.FileUtilsTestCase" time="0.001"/>
  <testcase name="testWriteByteArrayToFile" classname="org.apache.commons.io.FileUtilsTestCase" time="0.001"/>
  <testcase name="testMoveFile_CopyDelete_Failed" classname="org.apache.commons.io.FileUtilsTestCase" time="0.002"/>
  <testcase name="testWriteLines_5argsWithAppendOptionTrue_ShouldNotDeletePreviousFileLines" classname="org.apache.commons.io.FileUtilsTestCase" time="0.001"/>
  <testcase name="testWriteLines_4arg_Writer_nullData" classname="org.apache.commons.io.FileUtilsTestCase" time="0.001"/>
  <testcase name="testCopyToDirectoryWithFileSourceDoesNotExist" classname="org.apache.commons.io.FileUtilsTestCase" time="0"/>
  <testcase name="testMoveFile_Errors" classname="org.apache.commons.io.FileUtilsTestCase" time="0.001"/>
  <testcase name="testWriteStringToFile_WithAppendOptionFalse_ShouldDeletePreviousFileLines" classname="org.apache.commons.io.FileUtilsTestCase" time="0.001"/>
  <testcase name="test_openOutputStream_exists" classname="org.apache.commons.io.FileUtilsTestCase" time="0.001"/>
  <testcase name="testListFilesWithDirs" classname="org.apache.commons.io.FileUtilsTestCase" time="0.004"/>
  <testcase name="testWriteLines_3argsWithAppendOptionFalse_ShouldDeletePreviousFileLines" classname="org.apache.commons.io.FileUtilsTestCase" time="0.001"/>
  <testcase name="testWriteLines_4argsWithAppendOptionFalse_ShouldDeletePreviousFileLines" classname="org.apache.commons.io.FileUtilsTestCase" time="0.001"/>
  <testcase name="testIO300" classname="org.apache.commons.io.FileUtilsTestCase" time="0.001"/>
  <testcase name="testWriteLines_5argsWithAppendOptionFalse_ShouldDeletePreviousFileLines" classname="org.apache.commons.io.FileUtilsTestCase" time="0.001"/>
  <testcase name="testTouch" classname="org.apache.commons.io.FileUtilsTestCase" time="0.014"/>
  <testcase name="testIncorrectOutputSize" classname="org.apache.commons.io.FileUtilsTestCase" time="0.001"/>
  <testcase name="testGetUserDirectory" classname="org.apache.commons.io.FileUtilsTestCase" time="0.001"/>
  <testcase name="testCopyToDirectoryWithFile" classname="org.apache.commons.io.FileUtilsTestCase" time="0.001"/>
  <testcase name="testChecksumDouble" classname="org.apache.commons.io.FileUtilsTestCase" time="0.001"/>
  <testcase name="testToURLs3a" classname="org.apache.commons.io.FileUtilsTestCase" time="0"/>
  <testcase name="testMoveFile_Rename" classname="org.apache.commons.io.FileUtilsTestCase" time="0.001"/>
  <testcase name="testCopyFileLarge" classname="org.apache.commons.io.FileUtilsTestCase" time="0">
    <skipped/>
  </testcase>
  <testcase name="testWriteByteArrayToFile_WithAppendOptionFalse_ShouldDeletePreviousFileLines" classname="org.apache.commons.io.FileUtilsTestCase" time="0.001"/>
  <testcase name="testCopyDirectoryToDirectory_NonExistingDest" classname="org.apache.commons.io.FileUtilsTestCase" time="0.002"/>
  <testcase name="testMoveDirectory_CopyDelete" classname="org.apache.commons.io.FileUtilsTestCase" time="0.003"/>
  <testcase name="testGetFile_Parent" classname="org.apache.commons.io.FileUtilsTestCase" time="0"/>
  <testcase name="test_openOutputStream_noParentNoFile" classname="org.apache.commons.io.FileUtilsTestCase" time="0.001"/>
  <testcase name="testWriteWithEncoding_WithAppendOptionFalse_ShouldDeletePreviousFileLines" classname="org.apache.commons.io.FileUtilsTestCase" time="0.002"/>
  <testcase name="testCopyFile2WithoutFileDatePreservation" classname="org.apache.commons.io.FileUtilsTestCase" time="0.001"/>
  <testcase name="testMoveFile_CopyDelete" classname="org.apache.commons.io.FileUtilsTestCase" time="0.001"/>
  <testcase name="testFileUtils" classname="org.apache.commons.io.FileUtilsTestCase" time="0.001"/>
  <testcase name="testForceMkdir" classname="org.apache.commons.io.FileUtilsTestCase" time="0.001"/>
  <testcase name="testCopyFile1ToDir" classname="org.apache.commons.io.FileUtilsTestCase" time="0.001"/>
  <testcase name="testListFiles" classname="org.apache.commons.io.FileUtilsTestCase" time="0.001"/>
  <testcase name="testMoveDirectoryToDirectory_Errors" classname="org.apache.commons.io.FileUtilsTestCase" time="0.001"/>
  <testcase name="testCopyFile2ToDir" classname="org.apache.commons.io.FileUtilsTestCase" time="0.001"/>
  <testcase name="testForceDeleteDir" classname="org.apache.commons.io.FileUtilsTestCase" time="0.001"/>
  <testcase name="testGetFile" classname="org.apache.commons.io.FileUtilsTestCase" time="0"/>
  <testcase name="testWriteByteArrayToFile_WithOffsetAndLength" classname="org.apache.commons.io.FileUtilsTestCase" time="0.001"/>
  <testcase name="testReadLines" classname="org.apache.commons.io.FileUtilsTestCase" time="0.001"/>
  <testcase name="testWriteStringToFileWithEncoding_WithAppendOptionTrue_ShouldNotDeletePreviousFileLines" classname="org.apache.commons.io.FileUtilsTestCase" time="0.001"/>
  <testcase name="testCopyToDirectoryWithIterable" classname="org.apache.commons.io.FileUtilsTestCase" time="0.002"/>
  <testcase name="testGetTempDirectoryPath" classname="org.apache.commons.io.FileUtilsTestCase" time="0.001"/>
  <testcase name="test_openOutputStream_notExists" classname="org.apache.commons.io.FileUtilsTestCase" time="0"/>
  <testcase name="testMoveDirectory_Errors" classname="org.apache.commons.io.FileUtilsTestCase" time="0.001"/>
  <testcase name="testReadFileToStringWithEncoding" classname="org.apache.commons.io.FileUtilsTestCase" time="0.001"/>
  <testcase name="testCopyToDirectoryWithIterableSourceDoesNotExist" classname="org.apache.commons.io.FileUtilsTestCase" time="0"/>
  <testcase name="testSizeOfAsBigInteger" classname="org.apache.commons.io.FileUtilsTestCase" time="0.001"/>
  <testcase name="testCopyURLToFileWithTimeout" classname="org.apache.commons.io.FileUtilsTestCase" time="0.002"/>
  <testcase name="test_openOutputStream_notExistsCannotCreate" classname="org.apache.commons.io.FileUtilsTestCase" time="0.001"/>
  <testcase name="testForceMkdirParent" classname="org.apache.commons.io.FileUtilsTestCase" time="0.001"/>
  <testcase name="testCopyDirectoryToItself" classname="org.apache.commons.io.FileUtilsTestCase" time="0.001"/>
  <testcase name="testWriteStringToFileWithEncoding_WithAppendOptionFalse_ShouldDeletePreviousFileLines" classname="org.apache.commons.io.FileUtilsTestCase" time="0.001"/>
  <testcase name="testWriteLines_4arg" classname="org.apache.commons.io.FileUtilsTestCase" time="0.001"/>
  <testcase name="test_openOutputStream_noParentCreateFile" classname="org.apache.commons.io.FileUtilsTestCase" time="0.001"/>
  <testcase name="testCopyFileToOutputStream" classname="org.apache.commons.io.FileUtilsTestCase" time="0.002"/>
  <testcase name="testMoveDirectory_Rename" classname="org.apache.commons.io.FileUtilsTestCase" time="0.001"/>
  <testcase name="testWrite_WithAppendOptionFalse_ShouldDeletePreviousFileLines" classname="org.apache.commons.io.FileUtilsTestCase" time="0.001"/>
  <testcase name="testCopyDirectoryToGrandChild" classname="org.apache.commons.io.FileUtilsTestCase" time="0.006"/>
  <testcase name="testDeleteDirectoryWithNonDirectory" classname="org.apache.commons.io.FileUtilsTestCase" time="0.001"/>
  <testcase name="testWriteByteArrayToFile_WithAppendOptionTrue_ShouldNotDeletePreviousFileLines" classname="org.apache.commons.io.FileUtilsTestCase" time="0.001"/>
  <testcase name="testReadFileToByteArray" classname="org.apache.commons.io.FileUtilsTestCase" time="0.001"/>
  <testcase name="testIsFileNewerOlder" classname="org.apache.commons.io.FileUtilsTestCase" time="2.013"/>
  <testcase name="testByteCountToDisplaySizeLong" classname="org.apache.commons.io.FileUtilsTestCase" time="0.004"/>
  <testcase name="testSizeOfDirectoryAsBigInteger" classname="org.apache.commons.io.FileUtilsTestCase" time="0.005"/>
  <testcase name="testGetTempDirectory" classname="org.apache.commons.io.FileUtilsTestCase" time="0.001"/>
  <testcase name="testWriteLines_4argsWithAppendOptionTrue_ShouldNotDeletePreviousFileLines" classname="org.apache.commons.io.FileUtilsTestCase" time="0.001"/>
  <testcase name="testMoveToDirectory" classname="org.apache.commons.io.FileUtilsTestCase" time="0.001"/>
  <testcase name="testReadFileToStringWithDefaultEncoding" classname="org.apache.commons.io.FileUtilsTestCase" time="0.001"/>
  <testcase name="testCompareSizeOf" classname="org.apache.commons.io.FileUtilsTestCase" time="0.007"/>
  <testcase name="testWriteStringToFile1" classname="org.apache.commons.io.FileUtilsTestCase" time="0.001"/>
  <testcase name="testWriteStringToFile2" classname="org.apache.commons.io.FileUtilsTestCase" time="0.001"/>
  <testcase name="testWriteStringToFile3" classname="org.apache.commons.io.FileUtilsTestCase" time="0.001"/>
  <testcase name="testWriteByteArrayToFile_WithOffsetAndLength_WithAppendOptionTrue_ShouldDeletePreviousFileLines" classname="org.apache.commons.io.FileUtilsTestCase" time="0.001"/>
  <testcase name="testMoveToDirectory_Errors" classname="org.apache.commons.io.FileUtilsTestCase" time="0.001"/>
  <testcase name="testSizeOfDirectory" classname="org.apache.commons.io.FileUtilsTestCase" time="0.003"/>
  <testcase name="testDecodeUrlLenient" classname="org.apache.commons.io.FileUtilsTestCase" time="0.001"/>
  <testcase name="testWriteCharSequence1" classname="org.apache.commons.io.FileUtilsTestCase" time="0.001"/>
  <testcase name="testWriteCharSequence2" classname="org.apache.commons.io.FileUtilsTestCase" time="0"/>
  <testcase name="testDecodeUrlNullSafe" classname="org.apache.commons.io.FileUtilsTestCase" time="0.001"/>
  <testcase name="testChecksumOnNullFile" classname="org.apache.commons.io.FileUtilsTestCase" time="0.001"/>
  <testcase name="testWriteLinesEncoding_WithAppendOptionFalse_ShouldDeletePreviousFileLines" classname="org.apache.commons.io.FileUtilsTestCase" time="0.001"/>
  <testcase name="testCopyDirectoryToExistingDest" classname="org.apache.commons.io.FileUtilsTestCase" time="0.004"/>
  <testcase name="testDeleteQuietlyDir" classname="org.apache.commons.io.FileUtilsTestCase" time="0.001"/>
  <testcase name="testContentEquals" classname="org.apache.commons.io.FileUtilsTestCase" time="0.002"/>
  <testcase name="testDecodeUrl" classname="org.apache.commons.io.FileUtilsTestCase" time="0.001"/>
  <testcase name="test_openInputStream_notExists" classname="org.apache.commons.io.FileUtilsTestCase" time="0.001"/>
  <testcase name="testWriteLines_4arg_nullSeparator" classname="org.apache.commons.io.FileUtilsTestCase" time="0.001"/>
  <testcase name="testIterateFiles" classname="org.apache.commons.io.FileUtilsTestCase" time="0.001"/>
  <testcase name="testCopyDirectoryFiltered" classname="org.apache.commons.io.FileUtilsTestCase" time="0.005"/>
  <testcase name="testWriteWithEncoding_WithAppendOptionTrue_ShouldNotDeletePreviousFileLines" classname="org.apache.commons.io.FileUtilsTestCase" time="0.001"/>
  <testcase name="testByteCountToDisplaySizeBigInteger" classname="org.apache.commons.io.FileUtilsTestCase" time="0.001"/>
  <testcase name="testCopyDirectoryErrors" classname="org.apache.commons.io.FileUtilsTestCase" time="0.001"/>
  <testcase name="testWriteByteArrayToFile_WithOffsetAndLength_WithAppendOptionTrue_ShouldNotDeletePreviousFileLines" classname="org.apache.commons.io.FileUtilsTestCase" time="0.001"/>
  <testcase name="testChecksumOnNullChecksum" classname="org.apache.commons.io.FileUtilsTestCase" time="0.001"/>
  <testcase name="testIterateFilesAndDirs" classname="org.apache.commons.io.FileUtilsTestCase" time="0.002"/>
  <testcase name="testDeleteQuietlyFile" classname="org.apache.commons.io.FileUtilsTestCase" time="0.001"/>
  <testcase name="testWriteStringToFile_WithAppendOptionTrue_ShouldNotDeletePreviousFileLines" classname="org.apache.commons.io.FileUtilsTestCase" time="0.001"/>
  <testcase name="test_openOutputStream_existsButIsDirectory" classname="org.apache.commons.io.FileUtilsTestCase" time="0.001"/>
  <testcase name="testMoveDirectoryToDirectory" classname="org.apache.commons.io.FileUtilsTestCase" time="0.002"/>
  <testcase name="testSizeOf" classname="org.apache.commons.io.FileUtilsTestCase" time="0"/>
  <testcase name="testMoveFileToDirectory_Errors" classname="org.apache.commons.io.FileUtilsTestCase" time="0.001"/>
  <testcase name="testCopyURLToFile" classname="org.apache.commons.io.FileUtilsTestCase" time="0.001"/>
  <testcase name="testWriteLinesEncoding_WithAppendOptionTrue_ShouldNotDeletePreviousFileLines" classname="org.apache.commons.io.FileUtilsTestCase" time="0.001"/>
  <testcase name="testCopyToDirectoryWithFileSourceIsNull" classname="org.apache.commons.io.FileUtilsTestCase" time="0.001"/>
  <testcase name="test_openInputStream_exists" classname="org.apache.commons.io.FileUtilsTestCase" time="0.001"/>
  <testcase name="testMoveFileToDirectory" classname="org.apache.commons.io.FileUtilsTestCase" time="0"/>
  <testcase name="testCopyDirectoryPreserveDates" classname="org.apache.commons.io.FileUtilsTestCase" time="0.004"/>
  <testcase name="testDecodeUrlEncodingUtf8" classname="org.apache.commons.io.FileUtilsTestCase" time="0.001"/>
  <testcase name="testWrite_WithAppendOptionTrue_ShouldNotDeletePreviousFileLines" classname="org.apache.commons.io.FileUtilsTestCase" time="0.001"/>
</testsuite>